<?xml version="1.0" encoding="UTF-8"?>
<!-- Generated by org.testng.reporters.JUnitReportReporter -->
<testsuite hostname="LAPTOP-T7K377GD" failures="0" tests="2" name="com.epam.training.student_anton_marhol.framework_practical_task.test.SmokeTest" time="27.002" errors="0" timestamp="13 Oct 2022 08:31:28 GMT">
  <testcase classname="com.epam.training.student_anton_marhol.framework_practical_task.test.SmokeTest" name="basicGoogleCloudFunction" time="19.610"/>
  <testcase classname="com.epam.training.student_anton_marhol.framework_practical_task.test.SmokeTest" name="basicYopmailFunction" time="7.392"/>
</testsuite> <!-- com.epam.training.student_anton_marhol.framework_practical_task.test.SmokeTest -->
