<?xml version="1.0" encoding="UTF-8"?>
<!-- Generated by org.testng.reporters.JUnitReportReporter -->
<testsuite hostname="LAPTOP-T7K377GD" failures="0" tests="2" name="com.epam.training.student_anton_marhol.framework_practical_task.test.SmokeTest" time="36.812" errors="0" timestamp="1 Nov 2022 07:48:26 GMT">
  <testcase classname="com.epam.training.student_anton_marhol.framework_practical_task.test.SmokeTest" name="basicGoogleCloudFunction" time="25.752"/>
  <testcase classname="com.epam.training.student_anton_marhol.framework_practical_task.test.SmokeTest" name="basicYopmailFunction" time="11.060"/>
</testsuite> <!-- com.epam.training.student_anton_marhol.framework_practical_task.test.SmokeTest -->
