<?xml version="1.0" encoding="UTF-8"?>
<!-- Generated by org.testng.reporters.JUnitReportReporter -->
<testsuite hostname="LAPTOP-T7K377GD" failures="0" tests="2" name="com.epam.training.student_anton_marhol.hardcore.test.GoogleCloudPricingCalculatorTest" time="35.991" errors="0" timestamp="29 сент. 2022 08:32:07 GMT" skipped="0">
  <testcase classname="com.epam.training.student_anton_marhol.hardcore.test.GoogleCloudPricingCalculatorTest" name="totalEstimatedCostTest" time="0.232"/>
  <testcase classname="com.epam.training.student_anton_marhol.hardcore.test.GoogleCloudPricingCalculatorTest" name="browserSetupTest" time="35.759"/>
</testsuite> <!-- com.epam.training.student_anton_marhol.hardcore.test.GoogleCloudPricingCalculatorTest -->
