<?xml version="1.0" encoding="UTF-8"?>
<!-- Generated by org.testng.reporters.JUnitReportReporter -->
<testsuite hostname="LAPTOP-T7K377GD" failures="0" tests="2" name="com.epam.training.student_anton_marhol.framework_practical_task.test.GoogleCloudPricingCalculatorTest" time="0.403" errors="0" timestamp="26 Oct 2022 08:07:11 GMT">
  <testcase classname="com.epam.training.student_anton_marhol.framework_practical_task.test.GoogleCloudPricingCalculatorTest" name="totalEstimatedCost" time="0.254"/>
  <testcase classname="com.epam.training.student_anton_marhol.framework_practical_task.test.GoogleCloudPricingCalculatorTest" name="mailAddress" time="0.149"/>
</testsuite> <!-- com.epam.training.student_anton_marhol.framework_practical_task.test.GoogleCloudPricingCalculatorTest -->
