<?xml version="1.0" encoding="UTF-8"?>
<!-- Generated by org.testng.reporters.JUnitReportReporter -->
<testsuite hostname="LAPTOP-T7K377GD" failures="0" tests="2" name="com.epam.training.student_anton_marhol.framework_practical_task.test.BasicFunctionTest" time="40.756" errors="0" timestamp="03 окт. 2022 16:17:49 GMT" skipped="0">
  <testcase classname="com.epam.training.student_anton_marhol.framework_practical_task.test.BasicFunctionTest" name="basicGoogleCloudFunctionTest" time="33.995"/>
  <testcase classname="com.epam.training.student_anton_marhol.framework_practical_task.test.BasicFunctionTest" name="basicYopmailFunctionTest" time="6.761"/>
</testsuite> <!-- com.epam.training.student_anton_marhol.framework_practical_task.test.BasicFunctionTest -->
