<?xml version="1.0" encoding="UTF-8"?>
<!-- Generated by org.testng.reporters.JUnitReportReporter -->
<testsuite hostname="LAPTOP-T7K377GD" failures="0" tests="2" name="com.epam.training.student_anton_marhol.framework_practical_task.test.BasicFunctionTest" time="37.224" errors="0" timestamp="03 окт. 2022 16:45:32 GMT" skipped="0">
  <testcase classname="com.epam.training.student_anton_marhol.framework_practical_task.test.BasicFunctionTest" name="basicGoogleCloudFunctionTest" time="23.036"/>
  <testcase classname="com.epam.training.student_anton_marhol.framework_practical_task.test.BasicFunctionTest" name="basicYopmailFunctionTest" time="14.188"/>
</testsuite> <!-- com.epam.training.student_anton_marhol.framework_practical_task.test.BasicFunctionTest -->
