<?xml version="1.0" encoding="UTF-8"?>
<!-- Generated by org.testng.reporters.JUnitReportReporter -->
<testsuite hostname="LAPTOP-T7K377GD" failures="0" tests="2" name="com.epam.training.student_anton_marhol.framework_practical_task.test.GoogleCloudPricingCalculatorTest" time="37.332" errors="0" timestamp="04 окт. 2022 07:56:51 GMT" skipped="0">
  <testcase classname="com.epam.training.student_anton_marhol.framework_practical_task.test.GoogleCloudPricingCalculatorTest" name="browserSetupTest" time="37.090"/>
  <testcase classname="com.epam.training.student_anton_marhol.framework_practical_task.test.GoogleCloudPricingCalculatorTest" name="totalEstimatedCostTest" time="0.242"/>
</testsuite> <!-- com.epam.training.student_anton_marhol.framework_practical_task.test.GoogleCloudPricingCalculatorTest -->
