<?xml version="1.0" encoding="UTF-8"?>
<!-- Generated by org.testng.reporters.JUnitReportReporter -->
<testsuite hostname="LAPTOP-T7K377GD" failures="0" tests="2" name="com.epam.training.student_anton_marhol.framework_practical_task.test.SmokeTest" time="31.800" errors="0" timestamp="12 Oct 2022 14:16:02 GMT">
  <testcase classname="com.epam.training.student_anton_marhol.framework_practical_task.test.SmokeTest" name="basicGoogleCloudFunction" time="21.451"/>
  <testcase classname="com.epam.training.student_anton_marhol.framework_practical_task.test.SmokeTest" name="basicYopmailFunction" time="10.349"/>
</testsuite> <!-- com.epam.training.student_anton_marhol.framework_practical_task.test.SmokeTest -->
