<?xml version="1.0" encoding="UTF-8"?>
<!-- Generated by org.testng.reporters.JUnitReportReporter -->
<testsuite hostname="LAPTOP-T7K377GD" failures="0" tests="2" name="com.epam.training.student_anton_marhol.framework_practical_task.test.BasicFunctionTest" time="30.905" errors="0" timestamp="10 окт. 2022 11:58:35 GMT" skipped="0">
  <testcase classname="com.epam.training.student_anton_marhol.framework_practical_task.test.BasicFunctionTest" name="basicGoogleCloudFunction" time="20.897"/>
  <testcase classname="com.epam.training.student_anton_marhol.framework_practical_task.test.BasicFunctionTest" name="basicYopmailFunction" time="10.008"/>
</testsuite> <!-- com.epam.training.student_anton_marhol.framework_practical_task.test.BasicFunctionTest -->
